<?xml version="1.0" encoding="utf-8"?>
<TestRun id="4d35ec1f-2f89-4854-952a-19e3511283a4" name="Ferdz@DESKTOP-CUHST1A 2025-02-21 19:54:08" runUser="DESKTOP-CUHST1A\Ferdz" xmlns="http://microsoft.com/schemas/VisualStudio/TeamTest/2010">
  <Times creation="2025-02-21T19:54:08.7653318-03:00" queuing="2025-02-21T19:54:08.7653320-03:00" start="2025-02-21T19:54:04.9215738-03:00" finish="2025-02-21T19:54:08.7729241-03:00" />
  <TestSettings name="default" id="2660e2d1-46fa-402e-a87a-976ae0ff016d">
    <Deployment runDeploymentRoot="Ferdz_DESKTOP-CUHST1A_2025-02-21_19_54_08" />
  </TestSettings>
  <Results>
    <UnitTestResult executionId="34588bf1-79c9-4e5a-9b24-33c5a6e181e0" testId="dc628af5-69dc-4ecf-740e-36a7390099a7" testName="SalesAPI.Tests.UnitTest1.Test1" computerName="DESKTOP-CUHST1A" duration="00:00:00.0058003" startTime="2025-02-21T19:54:07.6126688-03:00" endTime="2025-02-21T19:54:07.6143215-03:00" testType="13cdc9d9-ddb5-4fa4-a97d-d965ccfc6d4b" outcome="Passed" testListId="8c84fa94-04c1-424b-9868-57a2d4851a1d" relativeResultsDirectory="34588bf1-79c9-4e5a-9b24-33c5a6e181e0" />
    <UnitTestResult executionId="64beb975-c9e0-412f-b082-97ebdf2c806d" testId="fb05d6fc-4863-0c34-b3a7-cf5b0548ab59" testName="SalesServiceTests.CreateOrder_Should_ThrowException_When_StockIsInsufficient" computerName="DESKTOP-CUHST1A" duration="00:00:00.0057599" startTime="2025-02-21T19:54:08.6213835-03:00" endTime="2025-02-21T19:54:08.6268847-03:00" testType="13cdc9d9-ddb5-4fa4-a97d-d965ccfc6d4b" outcome="Passed" testListId="8c84fa94-04c1-424b-9868-57a2d4851a1d" relativeResultsDirectory="64beb975-c9e0-412f-b082-97ebdf2c806d" />
    <UnitTestResult executionId="411a1e92-02fb-4a45-855c-e4d8296220db" testId="48227a8f-3b51-3615-741a-3fb2c675cd60" testName="VendaTests.NovaVenda_DeveTerListaDeItensNaoNula" computerName="DESKTOP-CUHST1A" duration="00:00:00.1699247" startTime="2025-02-21T19:54:07.6324371-03:00" endTime="2025-02-21T19:54:07.7601014-03:00" testType="13cdc9d9-ddb5-4fa4-a97d-d965ccfc6d4b" outcome="Passed" testListId="8c84fa94-04c1-424b-9868-57a2d4851a1d" relativeResultsDirectory="411a1e92-02fb-4a45-855c-e4d8296220db" />
    <UnitTestResult executionId="c9336105-68d6-4030-9d3a-a570e8b04c50" testId="4c70ce35-b397-070c-a6d7-d858e0230ec8" testName="SalesServiceTests.CreateOrder_Should_CreateOrder_When_StockIsSufficient" computerName="DESKTOP-CUHST1A" duration="00:00:01.0503318" startTime="2025-02-21T19:54:07.6086424-03:00" endTime="2025-02-21T19:54:08.6209879-03:00" testType="13cdc9d9-ddb5-4fa4-a97d-d965ccfc6d4b" outcome="Passed" testListId="8c84fa94-04c1-424b-9868-57a2d4851a1d" relativeResultsDirectory="c9336105-68d6-4030-9d3a-a570e8b04c50" />
    <UnitTestResult executionId="fd307da4-de61-4e43-afc5-cd6d373032b5" testId="e157215d-851d-6f6d-b1d8-5b929ce85f5c" testName="VendaTests.CriarVenda_DeveCalcularTotalCorretamente" computerName="DESKTOP-CUHST1A" duration="00:00:00.0181065" startTime="2025-02-21T19:54:07.7612722-03:00" endTime="2025-02-21T19:54:07.7783738-03:00" testType="13cdc9d9-ddb5-4fa4-a97d-d965ccfc6d4b" outcome="Passed" testListId="8c84fa94-04c1-424b-9868-57a2d4851a1d" relativeResultsDirectory="fd307da4-de61-4e43-afc5-cd6d373032b5" />
    <UnitTestResult executionId="33e38d91-4298-492f-89ce-9cc4ae6ed1c1" testId="11bdb37d-1cf6-157f-63d6-503a413129e9" testName="VendaTests.NovaVenda_DeveTerDataVendaDefinida" computerName="DESKTOP-CUHST1A" duration="00:00:00.0007023" startTime="2025-02-21T19:54:07.7789340-03:00" endTime="2025-02-21T19:54:07.7791116-03:00" testType="13cdc9d9-ddb5-4fa4-a97d-d965ccfc6d4b" outcome="Passed" testListId="8c84fa94-04c1-424b-9868-57a2d4851a1d" relativeResultsDirectory="33e38d91-4298-492f-89ce-9cc4ae6ed1c1" />
  </Results>
  <TestDefinitions>
    <UnitTest name="VendaTests.NovaVenda_DeveTerDataVendaDefinida" storage="c:\projetos\salesapi\tests\salesapi.tests\bin\debug\net8.0\salesapi.tests.dll" id="11bdb37d-1cf6-157f-63d6-503a413129e9">
      <Execution id="33e38d91-4298-492f-89ce-9cc4ae6ed1c1" />
      <TestMethod codeBase="C:\Projetos\SalesAPI\tests\SalesAPI.Tests\bin\Debug\net8.0\SalesAPI.Tests.dll" adapterTypeName="executor://xunit/VsTestRunner3/netcore/" className="VendaTests" name="NovaVenda_DeveTerDataVendaDefinida" />
    </UnitTest>
    <UnitTest name="VendaTests.CriarVenda_DeveCalcularTotalCorretamente" storage="c:\projetos\salesapi\tests\salesapi.tests\bin\debug\net8.0\salesapi.tests.dll" id="e157215d-851d-6f6d-b1d8-5b929ce85f5c">
      <Execution id="fd307da4-de61-4e43-afc5-cd6d373032b5" />
      <TestMethod codeBase="C:\Projetos\SalesAPI\tests\SalesAPI.Tests\bin\Debug\net8.0\SalesAPI.Tests.dll" adapterTypeName="executor://xunit/VsTestRunner3/netcore/" className="VendaTests" name="CriarVenda_DeveCalcularTotalCorretamente" />
    </UnitTest>
    <UnitTest name="SalesAPI.Tests.UnitTest1.Test1" storage="c:\projetos\salesapi\tests\salesapi.tests\bin\debug\net8.0\salesapi.tests.dll" id="dc628af5-69dc-4ecf-740e-36a7390099a7">
      <Execution id="34588bf1-79c9-4e5a-9b24-33c5a6e181e0" />
      <TestMethod codeBase="C:\Projetos\SalesAPI\tests\SalesAPI.Tests\bin\Debug\net8.0\SalesAPI.Tests.dll" adapterTypeName="executor://xunit/VsTestRunner3/netcore/" className="SalesAPI.Tests.UnitTest1" name="Test1" />
    </UnitTest>
    <UnitTest name="SalesServiceTests.CreateOrder_Should_CreateOrder_When_StockIsSufficient" storage="c:\projetos\salesapi\tests\salesapi.tests\bin\debug\net8.0\salesapi.tests.dll" id="4c70ce35-b397-070c-a6d7-d858e0230ec8">
      <Execution id="c9336105-68d6-4030-9d3a-a570e8b04c50" />
      <TestMethod codeBase="C:\Projetos\SalesAPI\tests\SalesAPI.Tests\bin\Debug\net8.0\SalesAPI.Tests.dll" adapterTypeName="executor://xunit/VsTestRunner3/netcore/" className="SalesServiceTests" name="CreateOrder_Should_CreateOrder_When_StockIsSufficient" />
    </UnitTest>
    <UnitTest name="VendaTests.NovaVenda_DeveTerListaDeItensNaoNula" storage="c:\projetos\salesapi\tests\salesapi.tests\bin\debug\net8.0\salesapi.tests.dll" id="48227a8f-3b51-3615-741a-3fb2c675cd60">
      <Execution id="411a1e92-02fb-4a45-855c-e4d8296220db" />
      <TestMethod codeBase="C:\Projetos\SalesAPI\tests\SalesAPI.Tests\bin\Debug\net8.0\SalesAPI.Tests.dll" adapterTypeName="executor://xunit/VsTestRunner3/netcore/" className="VendaTests" name="NovaVenda_DeveTerListaDeItensNaoNula" />
    </UnitTest>
    <UnitTest name="SalesServiceTests.CreateOrder_Should_ThrowException_When_StockIsInsufficient" storage="c:\projetos\salesapi\tests\salesapi.tests\bin\debug\net8.0\salesapi.tests.dll" id="fb05d6fc-4863-0c34-b3a7-cf5b0548ab59">
      <Execution id="64beb975-c9e0-412f-b082-97ebdf2c806d" />
      <TestMethod codeBase="C:\Projetos\SalesAPI\tests\SalesAPI.Tests\bin\Debug\net8.0\SalesAPI.Tests.dll" adapterTypeName="executor://xunit/VsTestRunner3/netcore/" className="SalesServiceTests" name="CreateOrder_Should_ThrowException_When_StockIsInsufficient" />
    </UnitTest>
  </TestDefinitions>
  <TestEntries>
    <TestEntry testId="dc628af5-69dc-4ecf-740e-36a7390099a7" executionId="34588bf1-79c9-4e5a-9b24-33c5a6e181e0" testListId="8c84fa94-04c1-424b-9868-57a2d4851a1d" />
    <TestEntry testId="fb05d6fc-4863-0c34-b3a7-cf5b0548ab59" executionId="64beb975-c9e0-412f-b082-97ebdf2c806d" testListId="8c84fa94-04c1-424b-9868-57a2d4851a1d" />
    <TestEntry testId="48227a8f-3b51-3615-741a-3fb2c675cd60" executionId="411a1e92-02fb-4a45-855c-e4d8296220db" testListId="8c84fa94-04c1-424b-9868-57a2d4851a1d" />
    <TestEntry testId="4c70ce35-b397-070c-a6d7-d858e0230ec8" executionId="c9336105-68d6-4030-9d3a-a570e8b04c50" testListId="8c84fa94-04c1-424b-9868-57a2d4851a1d" />
    <TestEntry testId="e157215d-851d-6f6d-b1d8-5b929ce85f5c" executionId="fd307da4-de61-4e43-afc5-cd6d373032b5" testListId="8c84fa94-04c1-424b-9868-57a2d4851a1d" />
    <TestEntry testId="11bdb37d-1cf6-157f-63d6-503a413129e9" executionId="33e38d91-4298-492f-89ce-9cc4ae6ed1c1" testListId="8c84fa94-04c1-424b-9868-57a2d4851a1d" />
  </TestEntries>
  <TestLists>
    <TestList name="Resultados que não estão em uma lista" id="8c84fa94-04c1-424b-9868-57a2d4851a1d" />
    <TestList name="Todos os resultados carregados" id="19431567-8539-422a-85d7-44ee4e166bda" />
  </TestLists>
  <ResultSummary outcome="Completed">
    <Counters total="6" executed="6" passed="6" failed="0" error="0" timeout="0" aborted="0" inconclusive="0" passedButRunAborted="0" notRunnable="0" notExecuted="0" disconnected="0" warning="0" completed="0" inProgress="0" pending="0" />
    <Output>
      <StdOut>[xUnit.net 00:00:00.00] xUnit.net VSTest Adapter v3.0.1+f8675c32e5 (64-bit .NET 8.0.10)&#xD;
[xUnit.net 00:00:01.80]   Discovering: SalesAPI.Tests&#xD;
[xUnit.net 00:00:01.85]   Discovered:  SalesAPI.Tests&#xD;
[xUnit.net 00:00:01.88]   Starting:    SalesAPI.Tests&#xD;
[xUnit.net 00:00:02.98]   Finished:    SalesAPI.Tests&#xD;
</StdOut>
    </Output>
  </ResultSummary>
</TestRun>